<?xml version="1.0" encoding="UTF-8"?>
<testsuite xmlns:xsi="http://www.w3.org/2001/XMLSchema-instance" xsi:noNamespaceSchemaLocation="https://maven.apache.org/surefire/maven-surefire-plugin/xsd/surefire-test-report-3.0.xsd" version="3.0" name="com.tendencias.m5a.usuarios.UsuariosApplicationTests" time="6.734" tests="1" errors="0" skipped="0" failures="0">
  <properties>
[...]
</properties>
  <testcase name="contextLoads" classname="com.tendencias.m5a.usuarios.UsuariosApplicationTests" time="0.603">
    <system-out><![CDATA[17:29:24.128 [main] INFO org.springframework.test.context.support.AnnotationConfigContextLoaderUtils -- Could not detect default configuration classes for test class [com.tendencias.m5a.usuarios.UsuariosApplicationTests]: UsuariosApplicationTests does not declare any static, non-private, non-final, nested classes annotated with @Configuration.
17:29:24.247 [main] INFO org.springframework.boot.test.context.SpringBootTestContextBootstrapper -- Found @SpringBootConfiguration com.tendencias.m5a.usuarios.UsuariosApplication for test class com.tendencias.m5a.usuarios.UsuariosApplicationTests

  .   ____          _            __ _ _
 /\\ / ___'_ __ _ _(_)_ __  __ _ \ \ \ \
( ( )\___ | '_ | '_| | '_ \/ _` | \ \ \ \
 \\/  ___)| |_)| | | | | || (_| |  ) ) ) )
  '  |____| .__|_| |_|_| |_\__, | / / / /
 =========|_|==============|___/=/_/_/_/
 :: Spring Boot ::                (v3.1.0)

2023-06-01T17:29:24.794-05:00  INFO 11640 --- [           main] c.t.m.usuarios.UsuariosApplicationTests  : Starting UsuariosApplicationTests using Java 17.0.7 with PID 11640 (started by USER in C:\Users\USER\Downloads\usuarios\usuarios)
2023-06-01T17:29:24.796-05:00  INFO 11640 --- [           main] c.t.m.usuarios.UsuariosApplicationTests  : No active profile set, falling back to 1 default profile: "default"
2023-06-01T17:29:25.671-05:00  INFO 11640 --- [           main] .s.d.r.c.RepositoryConfigurationDelegate : Bootstrapping Spring Data JPA repositories in DEFAULT mode.
2023-06-01T17:29:25.786-05:00  INFO 11640 --- [           main] .s.d.r.c.RepositoryConfigurationDelegate : Finished Spring Data repository scanning in 96 ms. Found 1 JPA repository interfaces.
2023-06-01T17:29:26.365-05:00  INFO 11640 --- [           main] o.hibernate.jpa.internal.util.LogHelper  : HHH000204: Processing PersistenceUnitInfo [name: default]
2023-06-01T17:29:26.440-05:00  INFO 11640 --- [           main] org.hibernate.Version                    : HHH000412: Hibernate ORM core version 6.2.2.Final
2023-06-01T17:29:26.444-05:00  INFO 11640 --- [           main] org.hibernate.cfg.Environment            : HHH000406: Using bytecode reflection optimizer
2023-06-01T17:29:26.684-05:00  INFO 11640 --- [           main] o.h.b.i.BytecodeProviderInitiator        : HHH000021: Bytecode provider name : bytebuddy
2023-06-01T17:29:26.933-05:00  INFO 11640 --- [           main] o.s.o.j.p.SpringPersistenceUnitInfo      : No LoadTimeWeaver setup: ignoring JPA class transformer
2023-06-01T17:29:26.964-05:00  INFO 11640 --- [           main] com.zaxxer.hikari.HikariDataSource       : HikariPool-1 - Starting...
2023-06-01T17:29:27.353-05:00  INFO 11640 --- [           main] com.zaxxer.hikari.pool.HikariPool        : HikariPool-1 - Added connection com.mysql.cj.jdbc.ConnectionImpl@4c2c44e8
2023-06-01T17:29:27.355-05:00  INFO 11640 --- [           main] com.zaxxer.hikari.HikariDataSource       : HikariPool-1 - Start completed.
2023-06-01T17:29:27.403-05:00  INFO 11640 --- [           main] org.hibernate.orm.dialect                : HHH035001: Using dialect: org.hibernate.dialect.MySQL8Dialect, version: 8.0
2023-06-01T17:29:27.405-05:00  WARN 11640 --- [           main] org.hibernate.orm.deprecation            : HHH90000026: MySQL8Dialect has been deprecated; use org.hibernate.dialect.MySQLDialect instead
2023-06-01T17:29:27.745-05:00  INFO 11640 --- [           main] o.h.b.i.BytecodeProviderInitiator        : HHH000021: Bytecode provider name : bytebuddy
2023-06-01T17:29:28.550-05:00  INFO 11640 --- [           main] o.h.e.t.j.p.i.JtaPlatformInitiator       : HHH000490: Using JtaPlatform implementation: [org.hibernate.engine.transaction.jta.platform.internal.NoJtaPlatform]
2023-06-01T17:29:28.619-05:00  INFO 11640 --- [           main] o.h.t.s.i.e.GenerationTargetToDatabase   : HHH000476: Executing script '[injected ScriptSourceInputNonExistentImpl script]'
2023-06-01T17:29:28.623-05:00  INFO 11640 --- [           main] j.LocalContainerEntityManagerFactoryBean : Initialized JPA EntityManagerFactory for persistence unit 'default'
2023-06-01T17:29:29.114-05:00  INFO 11640 --- [           main] o.s.d.j.r.query.QueryEnhancerFactory     : Hibernate is in classpath; If applicable, HQL parser will be used.
2023-06-01T17:29:30.049-05:00  INFO 11640 --- [           main] c.t.m.usuarios.UsuariosApplicationTests  : Started UsuariosApplicationTests in 5.587 seconds (process running for 6.876)
]]></system-out>
  </testcase>
</testsuite>